[debug] [2018-08-30T13:20:14.328Z] ----------------------------------------------------------------------
[debug] [2018-08-30T13:20:14.331Z] Command:       C:\Program Files\nodejs\node.exe C:\Users\Scott\AppData\Roaming\npm\node_modules\firebase-tools\bin\firebase deploy --only functions
[debug] [2018-08-30T13:20:14.332Z] CLI Version:   4.2.1
[debug] [2018-08-30T13:20:14.332Z] Platform:      win32
[debug] [2018-08-30T13:20:14.332Z] Node Version:  v8.11.3
[debug] [2018-08-30T13:20:14.333Z] Time:          Thu Aug 30 2018 15:20:14 GMT+0200 (W. Europe Daylight Time)
[debug] [2018-08-30T13:20:14.333Z] ----------------------------------------------------------------------
[debug] 
[debug] [2018-08-30T13:20:14.342Z] > command requires scopes: ["email","openid","https://www.googleapis.com/auth/cloudplatformprojects.readonly","https://www.googleapis.com/auth/firebase","https://www.googleapis.com/auth/cloud-platform"]
[debug] [2018-08-30T13:20:14.342Z] > authorizing via signed-in user
[debug] [2018-08-30T13:20:14.344Z] >>> HTTP REQUEST GET https://admin.firebase.com/v1/projects/revents-b3bc1  
 
[debug] [2018-08-30T13:20:15.180Z] <<< HTTP RESPONSE 200
[info] 
[info] === Deploying to 'revents-b3bc1'...
[info] 
[info] i  deploying functions
[info] Running command: npm --prefix "functions" run lint
[info] +  functions: Finished running predeploy script.
[debug] [2018-08-30T13:20:29.868Z] > [functions] package.json contents: {
  "name": "functions",
  "description": "Cloud Functions for Firebase",
  "scripts": {
    "lint": "eslint .",
    "serve": "firebase serve --only functions",
    "shell": "firebase functions:shell",
    "start": "npm run shell",
    "deploy": "firebase deploy --only functions",
    "logs": "firebase functions:log"
  },
  "dependencies": {
    "firebase-admin": "~6.0.0",
    "firebase-functions": "^2.0.3"
  },
  "devDependencies": {
    "eslint": "^4.12.0",
    "eslint-plugin-promise": "^3.6.0"
  },
  "private": true
}
[info] i  functions: ensuring necessary APIs are enabled...
[debug] [2018-08-30T13:20:29.870Z] >>> HTTP REQUEST GET https://servicemanagement.googleapis.com/v1/services/cloudfunctions.googleapis.com/projectSettings/revents-b3bc1?view=CONSUMER_VIEW  
 
[debug] [2018-08-30T13:20:29.870Z] >>> HTTP REQUEST GET https://servicemanagement.googleapis.com/v1/services/runtimeconfig.googleapis.com/projectSettings/revents-b3bc1?view=CONSUMER_VIEW  
 
[debug] [2018-08-30T13:20:31.582Z] <<< HTTP RESPONSE 200
[info] +  functions: all necessary APIs are enabled
[debug] [2018-08-30T13:20:31.742Z] <<< HTTP RESPONSE 200
[debug] [2018-08-30T13:20:31.743Z] >>> HTTP REQUEST GET https://cloudresourcemanager.googleapis.com/v1/projects/revents-b3bc1  
 
[debug] [2018-08-30T13:20:33.221Z] <<< HTTP RESPONSE 200
[debug] [2018-08-30T13:20:33.222Z] >>> HTTP REQUEST GET https://mobilesdk-pa.googleapis.com/v1/projects/473206382789:getServerAppConfig  
 
[debug] [2018-08-30T13:20:33.876Z] <<< HTTP RESPONSE 200
[info] i  functions: preparing functions directory for uploading...
[debug] [2018-08-30T13:20:33.879Z] >>> HTTP REQUEST GET https://runtimeconfig.googleapis.com/v1beta1/projects/revents-b3bc1/configs  
 
[debug] [2018-08-30T13:20:34.366Z] <<< HTTP RESPONSE 200
[info] i  functions: packaged functions (51.33 KB) for uploading
[debug] [2018-08-30T13:20:35.097Z] >>> HTTP REQUEST POST https://cloudfunctions.googleapis.com/v1/projects/revents-b3bc1/locations/us-central1/functions:generateUploadUrl  
 
[debug] [2018-08-30T13:20:35.690Z] <<< HTTP RESPONSE 200
[debug] [2018-08-30T13:20:35.691Z] >>> HTTP REQUEST PUT https://storage.googleapis.com/gcf-upload-us-central1-2505b3b2-b58a-4698-8af2-49a30418e0ab/ac9ed3b2-ebad-4fe4-bc1a-73a08cfb06c8.zip?GoogleAccessId=service-473206382789@gcf-admin-robot.iam.gserviceaccount.com&Expires=1535637036&Signature=IxdNrOrwf%2F3U0iRErzAR73J96RuRlzjktl0ZzQymyqE7GCc5NuUJw1R1b0wIMEeBldC7Li4bpkQc1e2dEgHBEUktHwIh89vlNB0xH6mZYHstJ%2FJE3q9B5m7ti4YkXyTMEenQba97z54lsD2X%2BLxH9KQtlI3z350yUBBDW5krE%2FWBPoU4AHhf4Kra8yGqyUFIbqO8fK4lCOzaaGg0t7UZOELEzyLc%2F%2BzbQXH%2F9H3g3yc423Xtm5Q23CEgd75L1LLyKGAqDvVsaGSiWXNp6Bl2jyOUCz%2BbL00hVyHkcfLTe%2ByFd2kuVsxFOrgYkdQzuYL9vQ91rAdc%2FGSv9eM65scHPw%3D%3D  

[debug] [2018-08-30T13:20:36.774Z] <<< HTTP RESPONSE 200
[info] +  functions: functions folder uploaded successfully
[debug] [2018-08-30T13:20:36.776Z] >>> HTTP REQUEST GET https://cloudfunctions.googleapis.com/v1/projects/revents-b3bc1/locations/-/functions  
 
